Mono path[0] = 'C:/SelfProjects/GearProject/Builds/Build_01/My project_Data/Managed'
Mono config path = 'C:/SelfProjects/GearProject/Builds/Build_01/MonoBleedingEdge/etc'
[PhysX] Initialized MultithreadedTaskDispatcher with 16 workers.
Initialize engine version: 2022.3.49f1 (4dae1bb8668d)
[Subsystems] Discovering subsystems at path C:/SelfProjects/GearProject/Builds/Build_01/My project_Data/UnitySubsystems
Forcing GfxDevice: Null
GfxDevice: creating device client; threaded=0; jobified=0
NullGfxDevice:
    Version:  NULL 1.0 [1.0]
    Renderer: Null Device
    Vendor:   Unity Technologies
Begin MonoManager ReloadAssembly
Failed loading assembly Managed/UnityEngine.CoreModule.dll reason: Not enough space
Loading assembly failed: "Managed/UnityEngine.CoreModule.dll" reason: Not enough space
Failed loading assembly Managed/UnityEngine.IMGUIModule.dll reason: Not enough space
Loading assembly failed: "Managed/UnityEngine.IMGUIModule.dll" reason: Not enough space
Failed loading assembly Managed/UnityEngine.PropertiesModule.dll reason: Not enough space
Loading assembly failed: "Managed/UnityEngine.PropertiesModule.dll" reason: Not enough space
Failed loading assembly Managed/UnityEngine.SpriteShapeModule.dll reason: Not enough space
Loading assembly failed: "Managed/UnityEngine.SpriteShapeModule.dll" reason: Not enough space
Failed loading assembly Managed/UnityEngine.StreamingModule.dll reason: Not enough space
Loading assembly failed: "Managed/UnityEngine.StreamingModule.dll" reason: Not enough space
Failed loading assembly Managed/UnityEngine.SubstanceModule.dll reason: Not enough space
Loading assembly failed: "Managed/UnityEngine.SubstanceModule.dll" reason: Not enough space
Failed loading assembly Managed/UnityEngine.SubsystemsModule.dll reason: Not enough space
Loading assembly failed: "Managed/UnityEngine.SubsystemsModule.dll" reason: Not enough space
Failed loading assembly Managed/UnityEngine.TLSModule.dll reason: Not enough space
Loading assembly failed: "Managed/UnityEngine.TLSModule.dll" reason: Not enough space
Failed loading assembly Managed/UnityEngine.TerrainModule.dll reason: Not enough space
Loading assembly failed: "Managed/UnityEngine.TerrainModule.dll" reason: Not enough space
Failed loading assembly Managed/UnityEngine.TerrainPhysicsModule.dll reason: Not enough space
Loading assembly failed: "Managed/UnityEngine.TerrainPhysicsModule.dll" reason: Not enough space
Failed loading assembly Managed/UnityEngine.TextCoreFontEngineModule.dll reason: Not enough space
Loading assembly failed: "Managed/UnityEngine.TextCoreFontEngineModule.dll" reason: Not enough space
Failed loading assembly Managed/UnityEngine.TextCoreTextEngineModule.dll reason: Not enough space
Loading assembly failed: "Managed/UnityEngine.TextCoreTextEngineModule.dll" reason: Not enough space
Failed loading assembly Managed/UnityEngine.TextRenderingModule.dll reason: Not enough space
Loading assembly failed: "Managed/UnityEngine.TextRenderingModule.dll" reason: Not enough space
Failed loading assembly Managed/UnityEngine.TilemapModule.dll reason: Not enough space
Loading assembly failed: "Managed/UnityEngine.TilemapModule.dll" reason: Not enough space
Failed loading assembly Managed/UnityEngine.UIModule.dll reason: Not enough space
Loading assembly failed: "Managed/UnityEngine.UIModule.dll" reason: Not enough space
Failed loading assembly Managed/UnityEngine.UIElementsModule.dll reason: Not enough space
Loading assembly failed: "Managed/UnityEngine.UIElementsModule.dll" reason: Not enough space
Failed loading assembly Managed/UnityEngine.UmbraModule.dll reason: Not enough space
Loading assembly failed: "Managed/UnityEngine.UmbraModule.dll" reason: Not enough space
Failed loading assembly Managed/UnityEngine.UnityConnectModule.dll reason: Not enough space
Loading assembly failed: "Managed/UnityEngine.UnityConnectModule.dll" reason: Not enough space
Failed loading assembly Managed/UnityEngine.UnityCurlModule.dll reason: Not enough space
Loading assembly failed: "Managed/UnityEngine.UnityCurlModule.dll" reason: Not enough space
Failed loading assembly Managed/UnityEngine.UnityWebRequestModule.dll reason: Not enough space
Loading assembly failed: "Managed/UnityEngine.UnityWebRequestModule.dll" reason: Not enough space
Failed loading assembly Managed/UnityEngine.UnityWebRequestAssetBundleModule.dll reason: Not enough space
Loading assembly failed: "Managed/UnityEngine.UnityWebRequestAssetBundleModule.dll" reason: Not enough space
Failed loading assembly Managed/UnityEngine.UnityWebRequestTextureModule.dll reason: Not enough space
Loading assembly failed: "Managed/UnityEngine.UnityWebRequestTextureModule.dll" reason: Not enough space
Failed loading assembly Managed/UnityEngine.UnityWebRequestWWWModule.dll reason: Not enough space
Loading assembly failed: "Managed/UnityEngine.UnityWebRequestWWWModule.dll" reason: Not enough space
Failed loading assembly Managed/UnityEngine.VFXModule.dll reason: Not enough space
Loading assembly failed: "Managed/UnityEngine.VFXModule.dll" reason: Not enough space
Failed loading assembly Managed/UnityEngine.VRModule.dll reason: Not enough space
Loading assembly failed: "Managed/UnityEngine.VRModule.dll" reason: Not enough space
Failed loading assembly Managed/UnityEngine.VehiclesModule.dll reason: Not enough space
Loading assembly failed: "Managed/UnityEngine.VehiclesModule.dll" reason: Not enough space
Failed loading assembly Managed/UnityEngine.VideoModule.dll reason: Not enough space
Loading assembly failed: "Managed/UnityEngine.VideoModule.dll" reason: Not enough space
Failed loading assembly Managed/UnityEngine.VirtualTexturingModule.dll reason: Not enough space
Loading assembly failed: "Managed/UnityEngine.VirtualTexturingModule.dll" reason: Not enough space
Failed loading assembly Managed/UnityEngine.WindModule.dll reason: Not enough space
Loading assembly failed: "Managed/UnityEngine.WindModule.dll" reason: Not enough space
Failed loading assembly Managed/UnityEngine.XRModule.dll reason: Not enough space
Loading assembly failed: "Managed/UnityEngine.XRModule.dll" reason: Not enough space
Unable to find type [UnityEngine.CoreModule.dll]Unity.Collections.DeallocateOnJobCompletionAttribute
Unable to find type [UnityEngine.CoreModule.dll]Unity.Collections.LowLevel.Unsafe.NativeContainerAttribute
Unable to find type [UnityEngine.CoreModule.dll]Unity.Collections.LowLevel.Unsafe.NativeContainerIsAtomicWriteOnlyAttribute
Unable to find type [UnityEngine.CoreModule.dll]Unity.Collections.LowLevel.Unsafe.NativeContainerIsReadOnlyAttribute
Unable to find type [UnityEngine.CoreModule.dll]Unity.Collections.LowLevel.Unsafe.NativeContainerNeedsThreadIndexAttribute
Unable to find type [UnityEngine.CoreModule.dll]Unity.Collections.LowLevel.Unsafe.NativeContainerSupportsDeallocateOnJobCompletionAttribute
Unable to find type [UnityEngine.CoreModule.dll]Unity.Collections.LowLevel.Unsafe.NativeContainerSupportsDeferredConvertListToArray
Unable to find type [UnityEngine.CoreModule.dll]Unity.Collections.LowLevel.Unsafe.NativeContainerSupportsMinMaxWriteRestrictionAttribute
Unable to find type [UnityEngine.CoreModule.dll]Unity.Collections.LowLevel.Unsafe.NativeDisableContainerSafetyRestrictionAttribute
Unable to find type [UnityEngine.CoreModule.dll]Unity.Collections.LowLevel.Unsafe.NativeDisableUnsafePtrRestrictionAttribute
Unable to find type [UnityEngine.CoreModule.dll]Unity.Collections.LowLevel.Unsafe.NativeSetClassTypeToNullOnScheduleAttribute
Unable to find type [UnityEngine.CoreModule.dll]Unity.Collections.LowLevel.Unsafe.NativeSetThreadIndexAttribute
Unable to find method RegisterNativeArrayDisposeJobReflectionData in [UnityEngine.CoreModule.dll]Unity.Collections.NativeArrayDisposeJob
Unable to find type [UnityEngine.CoreModule.dll]Unity.Collections.NativeDisableParallelForRestrictionAttribute
Unable to find type [UnityEngine.CoreModule.dll]Unity.Collections.NativeFixedLengthAttribute
Unable to find type [UnityEngine.CoreModule.dll]Unity.Collections.NativeMatchesParallelForLengthAttribute
Unable to find type [UnityEngine.CoreModule.dll]Unity.Collections.ReadOnlyAttribute
Unable to find type [UnityEngine.CoreModule.dll]Unity.Collections.WriteOnlyAttribute
Unable to find type [UnityEngine.CoreModule.dll]Unity.IO.Archive.ArchiveFileInfo
Unable to find type [UnityEngine.CoreModule.dll]Unity.IO.Archive.ArchiveFileInterface
Unable to find type [UnityEngine.CoreModule.dll]Unity.IO.Archive.ArchiveHandle
Unable to find type [UnityEngine.CoreModule.dll]Unity.IO.Archive.ArchiveStatus
Unable to find type [UnityEngine.CoreModule.dll]Unity.IO.LowLevel.Unsafe.AsyncReadManagerMetricsFilters
Unable to find type [UnityEngine.CoreModule.dll]Unity.IO.LowLevel.Unsafe.AsyncReadManagerRequestMetric
Unable to find type [UnityEngine.CoreModule.dll]Unity.IO.LowLevel.Unsafe.FileState
Unable to find type [UnityEngine.CoreModule.dll]Unity.IO.LowLevel.Unsafe.Priority
Unable to find method InvokePanicFunction in [UnityEngine.CoreModule.dll]Unity.Jobs.LowLevel.Unsafe.JobsUtility
Unable to find type [UnityEngine.CoreModule.dll]Unity.Profiling.IgnoredByDeepProfilerAttribute
Unable to find method PrepareMetadata in [UnityEngine.CoreModule.dll]Unity.Profiling.Memory.MemoryProfiler
Unable to find method FinalizeSnapshot in [UnityEngine.CoreModule.dll]Unity.Profiling.Memory.MemoryProfiler
Unable to find method SaveScreenshotToDisk in [UnityEngine.CoreModule.dll]Unity.Profiling.Memory.MemoryProfiler
Unable to find method GetMovedFromAttributeDataForType in [UnityEngine.CoreModule.dll]UnityEngine._Scripting.APIUpdating.APIUpdaterRuntimeHelpers
Unable to find method GetObsoleteTypeRedirection in [UnityEngine.CoreModule.dll]UnityEngine._Scripting.APIUpdating.APIUpdaterRuntimeHelpers
Unable to find type [UnityEngine.CoreModule.dll]UnityEngine.AnimationCurve
Unable to find method HasLogCallback in [UnityEngine.CoreModule.dll]UnityEngine.Application
Unable to find method Internal_ApplicationWantsToQuit in [UnityEngine.CoreModule.dll]UnityEngine.Application
Unable to find method CallLogCallback in [UnityEngine.CoreModule.dll]UnityEngine.Application
Unable to find method CallLowMemory in [UnityEngine.CoreModule.dll]UnityEngine.Application
Unable to find method Internal_ApplicationInit in [UnityEngine.CoreModule.dll]UnityEngine.Application
Unable to find method Internal_ApplicationQuit in [UnityEngine.CoreModule.dll]UnityEngine.Application
Unable to find method Internal_ApplicationUnload in [UnityEngine.CoreModule.dll]UnityEngine.Application
Unable to find method InvokeDeepLinkActivated in [UnityEngine.CoreModule.dll]UnityEngine.Application
Unable to find method InvokeFocusChanged in [UnityEngine.CoreModule.dll]UnityEngine.Application
Unable to find method InvokeOnBeforeRender in [UnityEngine.CoreModule.dll]UnityEngine.Application
Unable to find type [UnityEngine.CoreModule.dll]UnityEngine.AssemblyFullName
Unable to find type [UnityEngine.CoreModule.dll]UnityEngine.AssemblyIsEditorAssembly
Unable to find type [UnityEngine.CoreModule.dll]UnityEngine.AssemblyVersion
Unable to find type [UnityEngine.CoreModule.dll]UnityEngine.AsyncInstantiateOperation
Unable to find type [UnityEngine.CoreModule.dll]UnityEngine.AsyncInstantiateOperationHelper
Unable to find method SetAsyncInstantiateOperationResult in [UnityEngine.CoreModule.dll]UnityEngine.AsyncInstantiateOperationHelper
Unable to find type [UnityEngine.CoreModule.dll]UnityEngine.AsyncOperation
Unable to find method InvokeCompletionEvent in [UnityEngine.CoreModule.dll]UnityEngine.AsyncOperation
Unable to find method CheckIsEditorScript in [UnityEngine.CoreModule.dll]UnityEngine.AttributeHelperEngine
Unable to find method GetDefaultExecutionOrderFor in [UnityEngine.CoreModule.dll]UnityEngine.AttributeHelperEngine
Unable to find method GetParentTypeDisallowingMultipleInclusion in [UnityEngine.CoreModule.dll]UnityEngine.AttributeHelperEngine
Unable to find method GetRequiredComponents in [UnityEngine.CoreModule.dll]UnityEngine.AttributeHelperEngine
Unable to find method WrapBootConfigData in [UnityEngine.CoreModule.dll]UnityEngine.BootConfigData
Unable to find method FireOnPostRender in [UnityEngine.CoreModule.dll]UnityEngine.Camera
Unable to find method FireOnPreCull in [UnityEngine.CoreModule.dll]UnityEngine.Camera
Unable to find method FireOnPreRender in [UnityEngine.CoreModule.dll]UnityEngine.Camera
Unable to find method Init in [UnityEngine.CoreModule.dll]UnityEngine.ClassLibraryInitializer
Unable to find method InitAssemblyRedirections in [UnityEngine.CoreModule.dll]UnityEngine.ClassLibraryInitializer
Unable to find method InitStdErrWithHandle in [UnityEngine.CoreModule.dll]UnityEngine.ClassLibraryInitializer
Unable to find type [UnityEngine.CoreModule.dll]UnityEngine.Component
Unable to find method FindKernel in [UnityEngine.CoreModule.dll]UnityEngine.ComputeShader
Unable to find type [UnityEngine.CoreModule.dll]UnityEngine.ContextMenu
Unable to find type [UnityEngine.CoreModule.dll]UnityEngine.Coroutine
Unable to find method SendEvents in [UnityEngine.CoreModule.dll]UnityEngine.CullingGroup
Unable to find method InvokeOnTextureLoaded_Internal in [UnityEngine.CoreModule.dll]UnityEngine.CustomRenderTextureManager
Unable to find method InvokeOnTextureUnloaded_Internal in [UnityEngine.CoreModule.dll]UnityEngine.CustomRenderTextureManager
Unable to find method CallOverridenDebugHandler in [UnityEngine.CoreModule.dll]UnityEngine.Debug
Unable to find method IsLoggingEnabled in [UnityEngine.CoreModule.dll]UnityEngine.Debug
Unable to find type [UnityEngine.CoreModule.dll]UnityEngine.DisallowMultipleComponent
Unable to find method FireDisplaysUpdated in [UnityEngine.CoreModule.dll]UnityEngine.Display
Unable to find method RecreateDisplayList in [UnityEngine.CoreModule.dll]UnityEngine.Display
Unable to find method RequestLights in [UnityEngine.CoreModule.dll]UnityEngine.Experimental.GlobalIllumination.Lightmapping
Unable to find method ResetDelegate in [UnityEngine.CoreModule.dll]UnityEngine.Experimental.GlobalIllumination.Lightmapping
Unable to find method SetDelegate in [UnityEngine.CoreModule.dll]UnityEngine.Experimental.GlobalIllumination.Lightmapping
Unable to find method GetDelegate in [UnityEngine.CoreModule.dll]UnityEngine.Experimental.GlobalIllumination.Lightmapping
Unable to find type [UnityEngine.CoreModule.dll]UnityEngine.Experimental.Playables.CameraPlayable
Unable to find type [UnityEngine.CoreModule.dll]UnityEngine.Experimental.Playables.MaterialEffectPlayable
Unable to find type [UnityEngine.CoreModule.dll]UnityEngine.Experimental.Playables.TextureMixerPlayable
Unable to find type [UnityEngine.CoreModule.dll]UnityEngine.Experimental.Playables.TexturePlayableOutput
Unable to find method Internal_BuiltinRuntimeReflectionSystem_New in [UnityEngine.CoreModule.dll]UnityEngine.Experimental.Rendering.BuiltinRuntimeReflectionSystem
Unable to find type [UnityEngine.CoreModule.dll]UnityEngine.Experimental.Rendering.ScriptableRuntimeReflectionSystemSettings
Unable to find method set_Internal_ScriptableRuntimeReflectionSystemSettings_system in [UnityEngine.CoreModule.dll]UnityEngine.Experimental.Rendering.ScriptableRuntimeReflectionSystemSettings
Unable to find method get_Internal_ScriptableRuntimeReflectionSystemSettings_instance in [UnityEngine.CoreModule.dll]UnityEngine.Experimental.Rendering.ScriptableRuntimeReflectionSystemSettings
Unable to find type [UnityEngine.CoreModule.dll]UnityEngine.Experimental.Rendering.ScriptableRuntimeReflectionSystemWrapper
Unable to find method Internal_ScriptableRuntimeReflectionSystemWrapper_TickRealtimeProbes in [UnityEngine.CoreModule.dll]UnityEngine.Experimental.Rendering.ScriptableRuntimeReflectionSystemWrapper
Unable to find type [UnityEngine.CoreModule.dll]UnityEngine.Experimental.U2D.SpriteIntermediateRendererInfo
Unable to find type [UnityEngine.CoreModule.dll]UnityEngine.Experimental.U2D.SpriteRendererGroup
Unable to find type [UnityEngine.CoreModule.dll]UnityEngine.ExtensionOfNativeClassAttribute
Unable to find type [UnityEngine.CoreModule.dll]UnityEngine.FailedToLoadScriptObject
Unable to find type [UnityEngine.CoreModule.dll]UnityEngine.Gradient
Unable to find type [UnityEngine.CoreModule.dll]UnityEngine.ISerializationCallbackReceiver
Unable to find method OnAfterDeserialize in [UnityEngine.CoreModule.dll]UnityEngine.ISerializationCallbackReceiver
Unable to find method OnBeforeSerialize in [UnityEngine.CoreModule.dll]UnityEngine.ISerializationCallbackReceiver
Unable to find type [UnityEngine.CoreModule.dll]UnityEngine.Keyframe
Unable to find method LightingSettingsDontStripMe in [UnityEngine.CoreModule.dll]UnityEngine.LightingSettings
Unable to find method Internal_CallLightProbesUpdatedFunction in [UnityEngine.CoreModule.dll]UnityEngine.LightProbes
Unable to find method Internal_CallNeedsRetetrahedralizationFunction in [UnityEngine.CoreModule.dll]UnityEngine.LightProbes
Unable to find method Internal_CallTetrahedralizationCompletedFunction in [UnityEngine.CoreModule.dll]UnityEngine.LightProbes
Unable to find method LowerResBlitTextureDontStripMe in [UnityEngine.CoreModule.dll]UnityEngine.LowerResBlitTexture
Unable to find type [UnityEngine.CoreModule.dll]UnityEngine.LowLevel.PlayerLoopSystemInternal
Unable to find method ManagedStreamLength in [UnityEngine.CoreModule.dll]UnityEngine.ManagedStreamHelpers
Unable to find method ManagedStreamRead in [UnityEngine.CoreModule.dll]UnityEngine.ManagedStreamHelpers
Unable to find method ManagedStreamSeek in [UnityEngine.CoreModule.dll]UnityEngine.ManagedStreamHelpers
Unable to find type [UnityEngine.CoreModule.dll]UnityEngine.Mesh
Unable to find method DontStripMeshFilter in [UnityEngine.CoreModule.dll]UnityEngine.MeshFilter
Unable to find method DontStripMeshRenderer in [UnityEngine.CoreModule.dll]UnityEngine.MeshRenderer
Unable to find type [UnityEngine.CoreModule.dll]UnityEngine.MonoBehaviour
Unable to find method RaiseCancellation in [UnityEngine.CoreModule.dll]UnityEngine.MonoBehaviour
Unable to find method ConnectedCallbackInternal in [UnityEngine.CoreModule.dll]UnityEngine.Networking.PlayerConnection.PlayerConnection
Unable to find method DisconnectedCallback in [UnityEngine.CoreModule.dll]UnityEngine.Networking.PlayerConnection.PlayerConnection
Unable to find method MessageCallbackInternal in [UnityEngine.CoreModule.dll]UnityEngine.Networking.PlayerConnection.PlayerConnection
Unable to find type [UnityEngine.CoreModule.dll]UnityEngine.Object
Unable to find type [UnityEngine.CoreModule.dll]UnityEngine.ObjectDispatcher
Unable to find type [UnityEngine.CoreModule.dll]UnityEngine.Playables.INotificationReceiver
Unable to find method OnNotify in [UnityEngine.CoreModule.dll]UnityEngine.Playables.INotificationReceiver
Unable to find method OnBehaviourPause in [UnityEngine.CoreModule.dll]UnityEngine.Playables.IPlayableBehaviour
Unable to find method OnBehaviourPlay in [UnityEngine.CoreModule.dll]UnityEngine.Playables.IPlayableBehaviour
Unable to find method OnGraphStart in [UnityEngine.CoreModule.dll]UnityEngine.Playables.IPlayableBehaviour
Unable to find method OnGraphStop in [UnityEngine.CoreModule.dll]UnityEngine.Playables.IPlayableBehaviour
Unable to find method OnPlayableCreate in [UnityEngine.CoreModule.dll]UnityEngine.Playables.IPlayableBehaviour
Unable to find method OnPlayableDestroy in [UnityEngine.CoreModule.dll]UnityEngine.Playables.IPlayableBehaviour
Unable to find method PrepareFrame in [UnityEngine.CoreModule.dll]UnityEngine.Playables.IPlayableBehaviour
Unable to find method ProcessFrame in [UnityEngine.CoreModule.dll]UnityEngine.Playables.IPlayableBehaviour
Unable to find type [UnityEngine.CoreModule.dll]UnityEngine.Playables.Playable
Unable to find type [UnityEngine.CoreModule.dll]UnityEngine.Playables.PlayableAsset
Unable to find method Internal_CreatePlayable in [UnityEngine.CoreModule.dll]UnityEngine.Playables.PlayableAsset
Unable to find method Internal_GetPlayableAssetDuration in [UnityEngine.CoreModule.dll]UnityEngine.Playables.PlayableAsset
Unable to find type [UnityEngine.CoreModule.dll]UnityEngine.Playables.PlayableBehaviour
Unable to find type [UnityEngine.CoreModule.dll]UnityEngine.Playables.PlayableOutput
Unable to find type [UnityEngine.CoreModule.dll]UnityEngine.Playables.ScriptPlayableOutput
Unable to find type [UnityEngine.CoreModule.dll]UnityEngine.PlayerLoop.EarlyUpdate
Unable to find type [UnityEngine.CoreModule.dll]UnityEngine.PlayerLoop.EarlyUpdate/AnalyticsCoreStatsUpdate
Unable to find type [UnityEngine.CoreModule.dll]UnityEngine.PlayerLoop.EarlyUpdate/ARCoreUpdate
Unable to find type [UnityEngine.CoreModule.dll]UnityEngine.PlayerLoop.EarlyUpdate/ClearIntermediateRenderers
Unable to find type [UnityEngine.CoreModule.dll]UnityEngine.PlayerLoop.EarlyUpdate/ClearLines
Unable to find type [UnityEngine.CoreModule.dll]UnityEngine.PlayerLoop.EarlyUpdate/DeliverIosPlatformEvents
Unable to find type [UnityEngine.CoreModule.dll]UnityEngine.PlayerLoop.EarlyUpdate/DispatchEventQueueEvents
Unable to find type [UnityEngine.CoreModule.dll]UnityEngine.PlayerLoop.EarlyUpdate/ExecuteMainThreadJobs
Unable to find type [UnityEngine.CoreModule.dll]UnityEngine.PlayerLoop.EarlyUpdate/GpuTimestamp
Unable to find type [UnityEngine.CoreModule.dll]UnityEngine.PlayerLoop.EarlyUpdate/PerformanceAnalyticsUpdate
Unable to find type [UnityEngine.CoreModule.dll]UnityEngine.PlayerLoop.EarlyUpdate/Physics2DEarlyUpdate
Unable to find type [UnityEngine.CoreModule.dll]UnityEngine.PlayerLoop.EarlyUpdate/PhysicsResetInterpolatedTransformPosition
Unable to find type [UnityEngine.CoreModule.dll]UnityEngine.PlayerLoop.EarlyUpdate/PlayerCleanupCachedData
Unable to find type [UnityEngine.CoreModule.dll]UnityEngine.PlayerLoop.EarlyUpdate/PollHtcsPlayerConnection
Unable to find type [UnityEngine.CoreModule.dll]UnityEngine.PlayerLoop.EarlyUpdate/PollPlayerConnection
Unable to find type [UnityEngine.CoreModule.dll]UnityEngine.PlayerLoop.EarlyUpdate/PresentBeforeUpdate
Unable to find type [UnityEngine.CoreModule.dll]UnityEngine.PlayerLoop.EarlyUpdate/ProcessMouseInWindow
Unable to find type [UnityEngine.CoreModule.dll]UnityEngine.PlayerLoop.EarlyUpdate/ProcessRemoteInput
Unable to find type [UnityEngine.CoreModule.dll]UnityEngine.PlayerLoop.EarlyUpdate/RendererNotifyInvisible
Unable to find type [UnityEngine.CoreModule.dll]UnityEngine.PlayerLoop.EarlyUpdate/ResetFrameStatsAfterPresent
Unable to find type [UnityEngine.CoreModule.dll]UnityEngine.PlayerLoop.EarlyUpdate/ScriptRunDelayedStartupFrame
Unable to find type [UnityEngine.CoreModule.dll]UnityEngine.PlayerLoop.EarlyUpdate/SpriteAtlasManagerUpdate
Unable to find type [UnityEngine.CoreModule.dll]UnityEngine.PlayerLoop.EarlyUpdate/TangoUpdate
Unable to find type [UnityEngine.CoreModule.dll]UnityEngine.PlayerLoop.EarlyUpdate/UnityWebRequestUpdate
Unable to find type [UnityEngine.CoreModule.dll]UnityEngine.PlayerLoop.EarlyUpdate/UpdateAsyncInstantiate
Unable to find type [UnityEngine.CoreModule.dll]UnityEngine.PlayerLoop.EarlyUpdate/UpdateAsyncReadbackManager
Unable to find type [UnityEngine.CoreModule.dll]UnityEngine.PlayerLoop.EarlyUpdate/UpdateCanvasRectTransform
Unable to find type [UnityEngine.CoreModule.dll]UnityEngine.PlayerLoop.EarlyUpdate/UpdateContentLoading
Unable to find type [UnityEngine.CoreModule.dll]UnityEngine.PlayerLoop.EarlyUpdate/UpdateInputManager
Unable to find type [UnityEngine.CoreModule.dll]UnityEngine.PlayerLoop.EarlyUpdate/UpdateKinect
Unable to find type [UnityEngine.CoreModule.dll]UnityEngine.PlayerLoop.EarlyUpdate/UpdateMainGameViewRect
Unable to find type [UnityEngine.CoreModule.dll]UnityEngine.PlayerLoop.EarlyUpdate/UpdatePreloading
Unable to find type [UnityEngine.CoreModule.dll]UnityEngine.PlayerLoop.EarlyUpdate/UpdateStreamingManager
Unable to find type [UnityEngine.CoreModule.dll]UnityEngine.PlayerLoop.EarlyUpdate/UpdateTextureStreamingManager
Unable to find type [UnityEngine.CoreModule.dll]UnityEngine.PlayerLoop.EarlyUpdate/XRUpdate
Unable to find type [UnityEngine.CoreModule.dll]UnityEngine.PlayerLoop.FixedUpdate
Unable to find type [UnityEngine.CoreModule.dll]UnityEngine.PlayerLoop.FixedUpdate/AudioFixedUpdate
Unable to find type [UnityEngine.CoreModule.dll]UnityEngine.PlayerLoop.FixedUpdate/ClearLines
Unable to find type [UnityEngine.CoreModule.dll]UnityEngine.PlayerLoop.FixedUpdate/DirectorFixedSampleTime
Unable to find type [UnityEngine.CoreModule.dll]UnityEngine.PlayerLoop.FixedUpdate/DirectorFixedUpdate
Unable to find type [UnityEngine.CoreModule.dll]UnityEngine.PlayerLoop.FixedUpdate/DirectorFixedUpdatePostPhysics
Unable to find type [UnityEngine.CoreModule.dll]UnityEngine.PlayerLoop.FixedUpdate/LegacyFixedAnimationUpdate
Unable to find type [UnityEngine.CoreModule.dll]UnityEngine.PlayerLoop.FixedUpdate/NewInputFixedUpdate
Unable to find type [UnityEngine.CoreModule.dll]UnityEngine.PlayerLoop.FixedUpdate/Physics2DFixedUpdate
Unable to find type [UnityEngine.CoreModule.dll]UnityEngine.PlayerLoop.FixedUpdate/PhysicsClothFixedUpdate
Unable to find type [UnityEngine.CoreModule.dll]UnityEngine.PlayerLoop.FixedUpdate/PhysicsFixedUpdate
Unable to find type [UnityEngine.CoreModule.dll]UnityEngine.PlayerLoop.FixedUpdate/ScriptRunBehaviourFixedUpdate
Unable to find type [UnityEngine.CoreModule.dll]UnityEngine.PlayerLoop.FixedUpdate/ScriptRunDelayedFixedFrameRate
Unable to find type [UnityEngine.CoreModule.dll]UnityEngine.PlayerLoop.FixedUpdate/XRFixedUpdate
Unable to find type [UnityEngine.CoreModule.dll]UnityEngine.PlayerLoop.Initialization
Unable to find type [UnityEngine.CoreModule.dll]UnityEngine.PlayerLoop.Initialization/AsyncUploadTimeSlicedUpdate
Unable to find type [UnityEngine.CoreModule.dll]UnityEngine.PlayerLoop.Initialization/DirectorSampleTime
Unable to find type [UnityEngine.CoreModule.dll]UnityEngine.PlayerLoop.Initialization/ProfilerStartFrame
Unable to find type [UnityEngine.CoreModule.dll]UnityEngine.PlayerLoop.Initialization/SynchronizeInputs
Unable to find type [UnityEngine.CoreModule.dll]UnityEngine.PlayerLoop.Initialization/SynchronizeState
Unable to find type [UnityEngine.CoreModule.dll]UnityEngine.PlayerLoop.Initialization/UpdateCameraMotionVectors
Unable to find type [UnityEngine.CoreModule.dll]UnityEngine.PlayerLoop.Initialization/XREarlyUpdate
Unable to find type [UnityEngine.CoreModule.dll]UnityEngine.PlayerLoop.PostLateUpdate
Unable to find type [UnityEngine.CoreModule.dll]UnityEngine.PlayerLoop.PostLateUpdate/BatchModeUpdate
Unable to find type [UnityEngine.CoreModule.dll]UnityEngine.PlayerLoop.PostLateUpdate/ClearImmediateRenderers
Unable to find type [UnityEngine.CoreModule.dll]UnityEngine.PlayerLoop.PostLateUpdate/DirectorLateUpdate
Unable to find type [UnityEngine.CoreModule.dll]UnityEngine.PlayerLoop.PostLateUpdate/DirectorRenderImage
Unable to find type [UnityEngine.CoreModule.dll]UnityEngine.PlayerLoop.PostLateUpdate/EndGraphicsJobsAfterScriptLateUpdate
Unable to find type [UnityEngine.CoreModule.dll]UnityEngine.PlayerLoop.PostLateUpdate/EnlightenRuntimeUpdate
Unable to find type [UnityEngine.CoreModule.dll]UnityEngine.PlayerLoop.PostLateUpdate/ExecuteGameCenterCallbacks
Unable to find type [UnityEngine.CoreModule.dll]UnityEngine.PlayerLoop.PostLateUpdate/FinishFrameRendering
Unable to find type [UnityEngine.CoreModule.dll]UnityEngine.PlayerLoop.PostLateUpdate/GraphicsWarmupPreloadedShaders
Unable to find type [UnityEngine.CoreModule.dll]UnityEngine.PlayerLoop.PostLateUpdate/GUIClearEvents
Unable to find type [UnityEngine.CoreModule.dll]UnityEngine.PlayerLoop.PostLateUpdate/InputEndFrame
Unable to find type [UnityEngine.CoreModule.dll]UnityEngine.PlayerLoop.PostLateUpdate/MemoryFrameMaintenance
Unable to find type [UnityEngine.CoreModule.dll]UnityEngine.PlayerLoop.PostLateUpdate/ObjectDispatcherPostLateUpdate
Unable to find type [UnityEngine.CoreModule.dll]UnityEngine.PlayerLoop.PostLateUpdate/ParticleSystemEndUpdateAll
Unable to find type [UnityEngine.CoreModule.dll]UnityEngine.PlayerLoop.PostLateUpdate/PhysicsSkinnedClothBeginUpdate
Unable to find type [UnityEngine.CoreModule.dll]UnityEngine.PlayerLoop.PostLateUpdate/PhysicsSkinnedClothFinishUpdate
Unable to find type [UnityEngine.CoreModule.dll]UnityEngine.PlayerLoop.PostLateUpdate/PlayerEmitCanvasGeometry
Unable to find type [UnityEngine.CoreModule.dll]UnityEngine.PlayerLoop.PostLateUpdate/PlayerRenderUIEBatchModeOffscreen
Unable to find type [UnityEngine.CoreModule.dll]UnityEngine.PlayerLoop.PostLateUpdate/PlayerSendFrameComplete
Unable to find type [UnityEngine.CoreModule.dll]UnityEngine.PlayerLoop.PostLateUpdate/PlayerSendFramePostPresent
Unable to find type [UnityEngine.CoreModule.dll]UnityEngine.PlayerLoop.PostLateUpdate/PlayerSendFrameStarted
Unable to find type [UnityEngine.CoreModule.dll]UnityEngine.PlayerLoop.PostLateUpdate/PlayerUpdateCanvases
Unable to find type [UnityEngine.CoreModule.dll]UnityEngine.PlayerLoop.PostLateUpdate/PresentAfterDraw
Unable to find type [UnityEngine.CoreModule.dll]UnityEngine.PlayerLoop.PostLateUpdate/ProcessWebSendMessages
Unable to find type [UnityEngine.CoreModule.dll]UnityEngine.PlayerLoop.PostLateUpdate/ProfilerEndFrame
Unable to find type [UnityEngine.CoreModule.dll]UnityEngine.PlayerLoop.PostLateUpdate/ProfilerSynchronizeStats
Unable to find type [UnityEngine.CoreModule.dll]UnityEngine.PlayerLoop.PostLateUpdate/ResetInputAxis
Unable to find type [UnityEngine.CoreModule.dll]UnityEngine.PlayerLoop.PostLateUpdate/ScriptRunDelayedDynamicFrameRate
Unable to find type [UnityEngine.CoreModule.dll]UnityEngine.PlayerLoop.PostLateUpdate/ShaderHandleErrors
Unable to find type [UnityEngine.CoreModule.dll]UnityEngine.PlayerLoop.PostLateUpdate/SortingGroupsUpdate
Unable to find type [UnityEngine.CoreModule.dll]UnityEngine.PlayerLoop.PostLateUpdate/ThreadedLoadingDebug
Unable to find type [UnityEngine.CoreModule.dll]UnityEngine.PlayerLoop.PostLateUpdate/TriggerEndOfFrameCallbacks
Unable to find type [UnityEngine.CoreModule.dll]UnityEngine.PlayerLoop.PostLateUpdate/UpdateAllRenderers
Unable to find type [UnityEngine.CoreModule.dll]UnityEngine.PlayerLoop.PostLateUpdate/UpdateAllSkinnedMeshes
Unable to find type [UnityEngine.CoreModule.dll]UnityEngine.PlayerLoop.PostLateUpdate/UpdateAudio
Unable to find type [UnityEngine.CoreModule.dll]UnityEngine.PlayerLoop.PostLateUpdate/UpdateCanvasRectTransform
Unable to find type [UnityEngine.CoreModule.dll]UnityEngine.PlayerLoop.PostLateUpdate/UpdateCaptureScreenshot
Unable to find type [UnityEngine.CoreModule.dll]UnityEngine.PlayerLoop.PostLateUpdate/UpdateCustomRenderTextures
Unable to find type [UnityEngine.CoreModule.dll]UnityEngine.PlayerLoop.PostLateUpdate/UpdateLightProbeProxyVolumes
Unable to find type [UnityEngine.CoreModule.dll]UnityEngine.PlayerLoop.PostLateUpdate/UpdateRectTransform
Unable to find type [UnityEngine.CoreModule.dll]UnityEngine.PlayerLoop.PostLateUpdate/UpdateResolution
Unable to find type [UnityEngine.CoreModule.dll]UnityEngine.PlayerLoop.PostLateUpdate/UpdateSubstance
Unable to find type [UnityEngine.CoreModule.dll]UnityEngine.PlayerLoop.PostLateUpdate/UpdateVideo
Unable to find type [UnityEngine.CoreModule.dll]UnityEngine.PlayerLoop.PostLateUpdate/UpdateVideoTextures
Unable to find type [UnityEngine.CoreModule.dll]UnityEngine.PlayerLoop.PostLateUpdate/VFXUpdate
Unable to find type [UnityEngine.CoreModule.dll]UnityEngine.PlayerLoop.PostLateUpdate/XRPostLateUpdate
Unable to find type [UnityEngine.CoreModule.dll]UnityEngine.PlayerLoop.PostLateUpdate/XRPostPresent
Unable to find type [UnityEngine.CoreModule.dll]UnityEngine.PlayerLoop.PostLateUpdate/XRPreEndFrame
Unable to find type [UnityEngine.CoreModule.dll]UnityEngine.PlayerLoop.PreLateUpdate
Unable to find type [UnityEngine.CoreModule.dll]UnityEngine.PlayerLoop.PreLateUpdate/AIUpdatePostScript
Unable to find type [UnityEngine.CoreModule.dll]UnityEngine.PlayerLoop.PreLateUpdate/ConstraintManagerUpdate
Unable to find type [UnityEngine.CoreModule.dll]UnityEngine.PlayerLoop.PreLateUpdate/DirectorDeferredEvaluate
Unable to find type [UnityEngine.CoreModule.dll]UnityEngine.PlayerLoop.PreLateUpdate/DirectorUpdateAnimationBegin
Unable to find type [UnityEngine.CoreModule.dll]UnityEngine.PlayerLoop.PreLateUpdate/DirectorUpdateAnimationEnd
Unable to find type [UnityEngine.CoreModule.dll]UnityEngine.PlayerLoop.PreLateUpdate/EndGraphicsJobsAfterScriptUpdate
Unable to find type [UnityEngine.CoreModule.dll]UnityEngine.PlayerLoop.PreLateUpdate/LegacyAnimationUpdate
Unable to find type [UnityEngine.CoreModule.dll]UnityEngine.PlayerLoop.PreLateUpdate/ParticleSystemBeginUpdateAll
Unable to find type [UnityEngine.CoreModule.dll]UnityEngine.PlayerLoop.PreLateUpdate/Physics2DLateUpdate
Unable to find type [UnityEngine.CoreModule.dll]UnityEngine.PlayerLoop.PreLateUpdate/PhysicsLateUpdate
Unable to find type [UnityEngine.CoreModule.dll]UnityEngine.PlayerLoop.PreLateUpdate/ScriptRunBehaviourLateUpdate
Unable to find type [UnityEngine.CoreModule.dll]UnityEngine.PlayerLoop.PreLateUpdate/UIElementsUpdatePanels
Unable to find type [UnityEngine.CoreModule.dll]UnityEngine.PlayerLoop.PreLateUpdate/UpdateMasterServerInterface
Unable to find type [UnityEngine.CoreModule.dll]UnityEngine.PlayerLoop.PreLateUpdate/UpdateNetworkManager
Unable to find type [UnityEngine.CoreModule.dll]UnityEngine.PlayerLoop.PreUpdate
Unable to find type [UnityEngine.CoreModule.dll]UnityEngine.PlayerLoop.PreUpdate/AIUpdate
Unable to find type [UnityEngine.CoreModule.dll]UnityEngine.PlayerLoop.PreUpdate/CheckTexFieldInput
Unable to find type [UnityEngine.CoreModule.dll]UnityEngine.PlayerLoop.PreUpdate/IMGUISendQueuedEvents
Unable to find type [UnityEngine.CoreModule.dll]UnityEngine.PlayerLoop.PreUpdate/NewInputUpdate
Unable to find type [UnityEngine.CoreModule.dll]UnityEngine.PlayerLoop.PreUpdate/Physics2DUpdate
Unable to find type [UnityEngine.CoreModule.dll]UnityEngine.PlayerLoop.PreUpdate/PhysicsClothUpdate
Unable to find type [UnityEngine.CoreModule.dll]UnityEngine.PlayerLoop.PreUpdate/PhysicsUpdate
Unable to find type [UnityEngine.CoreModule.dll]UnityEngine.PlayerLoop.PreUpdate/SendMouseEvents
Unable to find type [UnityEngine.CoreModule.dll]UnityEngine.PlayerLoop.PreUpdate/UpdateVideo
Unable to find type [UnityEngine.CoreModule.dll]UnityEngine.PlayerLoop.PreUpdate/WindUpdate
Unable to find type [UnityEngine.CoreModule.dll]UnityEngine.PlayerLoop.TimeUpdate
Unable to find type [UnityEngine.CoreModule.dll]UnityEngine.PlayerLoop.TimeUpdate/WaitForLastPresentationAndUpdateTime
Unable to find type [UnityEngine.CoreModule.dll]UnityEngine.PlayerLoop.Update
Unable to find type [UnityEngine.CoreModule.dll]UnityEngine.PlayerLoop.Update/DirectorUpdate
Unable to find type [UnityEngine.CoreModule.dll]UnityEngine.PlayerLoop.Update/ScriptRunBehaviourUpdate
Unable to find type [UnityEngine.CoreModule.dll]UnityEngine.PlayerLoop.Update/ScriptRunDelayedDynamicFrameRate
Unable to find type [UnityEngine.CoreModule.dll]UnityEngine.PlayerLoop.Update/ScriptRunDelayedTasks
Unable to find type [UnityEngine.CoreModule.dll]UnityEngine.PreferBinarySerialization
Unable to find method PreloadDataDontStripMe in [UnityEngine.CoreModule.dll]UnityEngine.PreloadData
Unable to find method OnActiveQualityLevelChanged in [UnityEngine.CoreModule.dll]UnityEngine.QualitySettings
Unable to find method SendReapplyDrivenProperties in [UnityEngine.CoreModule.dll]UnityEngine.RectTransform
Unable to find method CallReflectionProbeEvent in [UnityEngine.CoreModule.dll]UnityEngine.ReflectionProbe
Unable to find method CallSetDefaultReflection in [UnityEngine.CoreModule.dll]UnityEngine.ReflectionProbe
Unable to find type [UnityEngine.CoreModule.dll]UnityEngine.Rendering.BatchRendererGroup
Unable to find method InvokeOnPerformCulling in [UnityEngine.CoreModule.dll]UnityEngine.Rendering.BatchRendererGroup
Unable to find type [UnityEngine.CoreModule.dll]UnityEngine.Rendering.OnDemandRendering
Unable to find method GetRenderFrameInterval in [UnityEngine.CoreModule.dll]UnityEngine.Rendering.OnDemandRendering
Unable to find method GetCurrentPipelineAssetType in [UnityEngine.CoreModule.dll]UnityEngine.Rendering.RenderPipelineManager
Unable to find method CleanupRenderPipeline in [UnityEngine.CoreModule.dll]UnityEngine.Rendering.RenderPipelineManager
Unable to find method DoRenderLoop_Internal in [UnityEngine.CoreModule.dll]UnityEngine.Rendering.RenderPipelineManager
Unable to find method HandleRenderPipelineChange in [UnityEngine.CoreModule.dll]UnityEngine.Rendering.RenderPipelineManager
Unable to find method OnActiveRenderPipelineAssetChanged in [UnityEngine.CoreModule.dll]UnityEngine.Rendering.RenderPipelineManager
Unable to find method OnActiveRenderPipelineTypeChanged in [UnityEngine.CoreModule.dll]UnityEngine.Rendering.RenderPipelineManager
Unable to find method FallbackLightmapperByRef in [UnityEngine.CoreModule.dll]UnityEngine.Rendering.SupportedRenderingFeatures
Unable to find method FallbackMixedLightingModeByRef in [UnityEngine.CoreModule.dll]UnityEngine.Rendering.SupportedRenderingFeatures
Unable to find method IsAutoAmbientProbeBakingSupported in [UnityEngine.CoreModule.dll]UnityEngine.Rendering.SupportedRenderingFeatures
Unable to find method IsAutoDefaultReflectionProbeBakingSupported in [UnityEngine.CoreModule.dll]UnityEngine.Rendering.SupportedRenderingFeatures
Unable to find method IsLightmapBakeTypeSupportedByRef in [UnityEngine.CoreModule.dll]UnityEngine.Rendering.SupportedRenderingFeatures
Unable to find method IsLightmapperSupportedByRef in [UnityEngine.CoreModule.dll]UnityEngine.Rendering.SupportedRenderingFeatures
Unable to find method IsLightmapsModeSupportedByRef in [UnityEngine.CoreModule.dll]UnityEngine.Rendering.SupportedRenderingFeatures
Unable to find method IsMixedLightingModeSupportedByRef in [UnityEngine.CoreModule.dll]UnityEngine.Rendering.SupportedRenderingFeatures
Unable to find method IsUIOverlayRenderedBySRP in [UnityEngine.CoreModule.dll]UnityEngine.Rendering.SupportedRenderingFeatures
Unable to find method OverridesLightProbeSystem in [UnityEngine.CoreModule.dll]UnityEngine.Rendering.SupportedRenderingFeatures
Unable to find type [UnityEngine.CoreModule.dll]UnityEngine.RequireComponent
Unable to find type [UnityEngine.CoreModule.dll]UnityEngine.Resolution
Unable to find type [UnityEngine.CoreModule.dll]UnityEngine.ResourceRequest
Unable to find type [UnityEngine.CoreModule.dll]UnityEngine.RuntimeInitializeOnLoadMethodAttribute
Unable to find type [UnityEngine.CoreModule.dll]UnityEngine.SceneManagement.SceneManager
Unable to find method Internal_ActiveSceneChanged in [UnityEngine.CoreModule.dll]UnityEngine.SceneManagement.SceneManager
Unable to find method Internal_SceneLoaded in [UnityEngine.CoreModule.dll]UnityEngine.SceneManagement.SceneManager
Unable to find method Internal_SceneUnloaded in [UnityEngine.CoreModule.dll]UnityEngine.SceneManagement.SceneManager
Unable to find method LoadFirstScene_Internal in [UnityEngine.CoreModule.dll]UnityEngine.SceneManagement.SceneManager
Unable to find type [UnityEngine.CoreModule.dll]UnityEngine.ScriptableObject
Unable to find type [UnityEngine.CoreModule.dll]UnityEngine.Scripting.PreserveAttribute
Unable to find method IsManagedCodeWorking in [UnityEngine.CoreModule.dll]UnityEngine.ScriptingUtility
Unable to find type [UnityEngine.CoreModule.dll]UnityEngine.Serialization.FormerlySerializedAsAttribute
Unable to find type [UnityEngine.CoreModule.dll]UnityEngine.SerializeField
Unable to find type [UnityEngine.CoreModule.dll]UnityEngine.SerializeReference
Unable to find type [UnityEngine.CoreModule.dll]UnityEngine.SetupCoroutine
Unable to find method InvokeMember in [UnityEngine.CoreModule.dll]UnityEngine.SetupCoroutine
Unable to find method InvokeMoveNext in [UnityEngine.CoreModule.dll]UnityEngine.SetupCoroutine
Unable to find type [UnityEngine.CoreModule.dll]UnityEngine.SkinnedMeshRenderer
Unable to find method InvokeSpriteChanged in [UnityEngine.CoreModule.dll]UnityEngine.SpriteRenderer
Unable to find method ExtractStackTrace in [UnityEngine.CoreModule.dll]UnityEngine.StackTraceUtility
Unable to find method ExtractStringFromExceptionInternal in [UnityEngine.CoreModule.dll]UnityEngine.StackTraceUtility
Unable to find method SetProjectFolder in [UnityEngine.CoreModule.dll]UnityEngine.StackTraceUtility
Unable to find type [UnityEngine.CoreModule.dll]UnityEngine.Transform
Unable to find method RequestAtlas in [UnityEngine.CoreModule.dll]UnityEngine.U2D.SpriteAtlasManager
Unable to find method PostRegisteredAtlas in [UnityEngine.CoreModule.dll]UnityEngine.U2D.SpriteAtlasManager
Unable to find type [UnityEngine.CoreModule.dll]UnityEngine.U2D.SpriteBone
Unable to find method RegisterUECatcher in [UnityEngine.CoreModule.dll]UnityEngine.UnhandledExceptionHandler
Unable to find type [UnityEngine.CoreModule.dll]UnityEngine.UnityException
Unable to find method ExecutePendingTasks in [UnityEngine.CoreModule.dll]UnityEngine.UnitySynchronizationContext
Unable to find method ExecuteTasks in [UnityEngine.CoreModule.dll]UnityEngine.UnitySynchronizationContext
Unable to find method InitializeSynchronizationContext in [UnityEngine.CoreModule.dll]UnityEngine.UnitySynchronizationContext
Unable to find type [UnityEngine.CoreModule.dll]UnityEngine.WaitForEndOfFrame
Unable to find type [UnityEngine.CoreModule.dll]UnityEngine.WaitForFixedUpdate
Unable to find type [UnityEngine.CoreModule.dll]UnityEngine.WaitForSeconds
Unable to find method DictationRecognizer_InvokeCompletedEvent in [UnityEngine.CoreModule.dll]UnityEngine.Windows.Speech.DictationRecognizer
Unable to find method DictationRecognizer_InvokeErrorEvent in [UnityEngine.CoreModule.dll]UnityEngine.Windows.Speech.DictationRecognizer
Unable to find method DictationRecognizer_InvokeHypothesisGeneratedEvent in [UnityEngine.CoreModule.dll]UnityEngine.Windows.Speech.DictationRecognizer
Unable to find method DictationRecognizer_InvokeResultGeneratedEvent in [UnityEngine.CoreModule.dll]UnityEngine.Windows.Speech.DictationRecognizer
Unable to find method PhraseRecognitionSystem_InvokeErrorEvent in [UnityEngine.CoreModule.dll]UnityEngine.Windows.Speech.PhraseRecognitionSystem
Unable to find method PhraseRecognitionSystem_InvokeStatusChangedEvent in [UnityEngine.CoreModule.dll]UnityEngine.Windows.Speech.PhraseRecognitionSystem
Unable to find method InvokePhraseRecognizedEvent in [UnityEngine.CoreModule.dll]UnityEngine.Windows.Speech.PhraseRecognizer
Unable to find method MarshalSemanticMeaning in [UnityEngine.CoreModule.dll]UnityEngine.Windows.Speech.PhraseRecognizer
Unable to find method InvokeOnCapturedPhotoToDiskDelegate in [UnityEngine.CoreModule.dll]UnityEngine.Windows.WebCam.PhotoCapture
Unable to find method InvokeOnCapturedPhotoToMemoryDelegate in [UnityEngine.CoreModule.dll]UnityEngine.Windows.WebCam.PhotoCapture
Unable to find method InvokeOnCreatedResourceDelegate in [UnityEngine.CoreModule.dll]UnityEngine.Windows.WebCam.PhotoCapture
Unable to find method InvokeOnPhotoModeStartedDelegate in [UnityEngine.CoreModule.dll]UnityEngine.Windows.WebCam.PhotoCapture
Unable to find method InvokeOnPhotoModeStoppedDelegate in [UnityEngine.CoreModule.dll]UnityEngine.Windows.WebCam.PhotoCapture
Unable to find method InvokeOnCreatedVideoCaptureResourceDelegate in [UnityEngine.CoreModule.dll]UnityEngine.Windows.WebCam.VideoCapture
Unable to find method InvokeOnStartedRecordingVideoToDiskDelegate in [UnityEngine.CoreModule.dll]UnityEngine.Windows.WebCam.VideoCapture
Unable to find method InvokeOnStoppedRecordingVideoToDiskDelegate in [UnityEngine.CoreModule.dll]UnityEngine.Windows.WebCam.VideoCapture
Unable to find method InvokeOnVideoModeStartedDelegate in [UnityEngine.CoreModule.dll]UnityEngine.Windows.WebCam.VideoCapture
Unable to find method InvokeOnVideoModeStoppedDelegate in [UnityEngine.CoreModule.dll]UnityEngine.Windows.WebCam.VideoCapture

=================================================================
	Native Crash Reporting
=================================================================
Got a UNKNOWN while executing native code. This usually indicates
a fatal error in the mono runtime or one of the native libraries 
used by your application.
=================================================================

=================================================================
	Managed Stacktrace:
=================================================================
=================================================================
Crash!!!
  ERROR: Error while initializing dbghelp.dll, GetLastError: 'The operation completed successfully.' (Address: 0000000000000000)

========== OUTPUTTING STACK TRACE ==================


Unhandled Exception:
StackOverflowException
